{"name": "test_recruitmentTable", "status": "broken", "statusDetails": {"message": "selenium.common.exceptions.NoSuchElementException: Message: no such element: Unable to locate element: {\"method\":\"xpath\",\"selector\":\"(//A[contains(text(),'Vacancies')])\"}\n  (Session info: chrome=125.0.6422.142); For documentation on this error, please visit: https://www.selenium.dev/documentation/webdriver/troubleshooting/errors#no-such-element-exception\nStacktrace:\n\tGetHandleVerifier [0x00007FF668C41F52+60322]\n\t(No symbol) [0x00007FF668BBCEC9]\n\t(No symbol) [0x00007FF668A77EBA]\n\t(No symbol) [0x00007FF668AC7676]\n\t(No symbol) [0x00007FF668AC773C]\n\t(No symbol) [0x00007FF668B0E967]\n\t(No symbol) [0x00007FF668AEC25F]\n\t(No symbol) [0x00007FF668B0BC80]\n\t(No symbol) [0x00007FF668AEBFC3]\n\t(No symbol) [0x00007FF668AB9617]\n\t(No symbol) [0x00007FF668ABA211]\n\tGetHandleVerifier [0x00007FF668F594AD+3301629]\n\tGetHandleVerifier [0x00007FF668FA36D3+3605283]\n\tGetHandleVerifier [0x00007FF668F99450+3563680]\n\tGetHandleVerifier [0x00007FF668CF4326+790390]\n\t(No symbol) [0x00007FF668BC750F]\n\t(No symbol) [0x00007FF668BC3404]\n\t(No symbol) [0x00007FF668BC3592]\n\t(No symbol) [0x00007FF668BB2F9F]\n\tBaseThreadInitThunk [0x00007FF87CCE257D+29]\n\tRtlUserThreadStart [0x00007FF87E18AA48+40]", "trace": "self = <tests.test_recruitmentTableTest_005.TestrecruitmentTableVerification object at 0x000001E472BB21F0>\n\n    @pytest.mark.recruit_table\n    def test_recruitmentTable(self):\n        login = LoginPage(self.driver)\n        login.enter_username(readConfig().getuserName())\n        login.enter_password(readConfig().getPassword())\n        login.click_loginBtn()\n        time.sleep(5)\n        recruit = recruitment(self.driver)\n>       recruit.recruitment_page_validation()\n\ntests\\test_recruitmentTableTest_005.py:18: \n_ _ _ _ _ _ _ _ _ _ _ _ _ _ _ _ _ _ _ _ _ _ _ _ _ _ _ _ _ _ _ _ _ _ _ _ _ _ _ _ _ _ _ _ _ _ _ _ _ _ _ _ _ _ _ _ _ _ _ _ _ _ _ _ _ _ _ _ _ _ _ _ _ _ _ _ _ _ _ _ _ _ _ _ _ _ _ _ _ _ _ _ _ _ _ _ _ \npages\\recruitmentTableVerification.py:29: in recruitment_page_validation\n    self.driver.find_element(By.XPATH, self.recruit_locators[\"vacancies_xpath\"]).click()\nvenv\\lib\\site-packages\\selenium\\webdriver\\remote\\webdriver.py:741: in find_element\n    return self.execute(Command.FIND_ELEMENT, {\"using\": by, \"value\": value})[\"value\"]\nvenv\\lib\\site-packages\\selenium\\webdriver\\remote\\webdriver.py:347: in execute\n    self.error_handler.check_response(response)\n_ _ _ _ _ _ _ _ _ _ _ _ _ _ _ _ _ _ _ _ _ _ _ _ _ _ _ _ _ _ _ _ _ _ _ _ _ _ _ _ _ _ _ _ _ _ _ _ _ _ _ _ _ _ _ _ _ _ _ _ _ _ _ _ _ _ _ _ _ _ _ _ _ _ _ _ _ _ _ _ _ _ _ _ _ _ _ _ _ _ _ _ _ _ _ _ _ \n\nself = <selenium.webdriver.remote.errorhandler.ErrorHandler object at 0x000001E472CCC250>\nresponse = {'status': 404, 'value': '{\"value\":{\"error\":\"no such element\",\"message\":\"no such element: Unable to locate element: {\\...07FF668BB2F9F]\\\\n\\\\tBaseThreadInitThunk [0x00007FF87CCE257D+29]\\\\n\\\\tRtlUserThreadStart [0x00007FF87E18AA48+40]\\\\n\"}}'}\n\n    def check_response(self, response: Dict[str, Any]) -> None:\n        \"\"\"Checks that a JSON response from the WebDriver does not have an\n        error.\n    \n        :Args:\n         - response - The JSON response from the WebDriver server as a dictionary\n           object.\n    \n        :Raises: If the response contains an error message.\n        \"\"\"\n        status = response.get(\"status\", None)\n        if not status or status == ErrorCode.SUCCESS:\n            return\n        value = None\n        message = response.get(\"message\", \"\")\n        screen: str = response.get(\"screen\", \"\")\n        stacktrace = None\n        if isinstance(status, int):\n            value_json = response.get(\"value\", None)\n            if value_json and isinstance(value_json, str):\n                import json\n    \n                try:\n                    value = json.loads(value_json)\n                    if len(value) == 1:\n                        value = value[\"value\"]\n                    status = value.get(\"error\", None)\n                    if not status:\n                        status = value.get(\"status\", ErrorCode.UNKNOWN_ERROR)\n                        message = value.get(\"value\") or value.get(\"message\")\n                        if not isinstance(message, str):\n                            value = message\n                            message = message.get(\"message\")\n                    else:\n                        message = value.get(\"message\", None)\n                except ValueError:\n                    pass\n    \n        exception_class: Type[WebDriverException]\n        e = ErrorCode()\n        error_codes = [item for item in dir(e) if not item.startswith(\"__\")]\n        for error_code in error_codes:\n            error_info = getattr(ErrorCode, error_code)\n            if isinstance(error_info, list) and status in error_info:\n                exception_class = getattr(ExceptionMapping, error_code, WebDriverException)\n                break\n        else:\n            exception_class = WebDriverException\n    \n        if not value:\n            value = response[\"value\"]\n        if isinstance(value, str):\n            raise exception_class(value)\n        if message == \"\" and \"message\" in value:\n            message = value[\"message\"]\n    \n        screen = None  # type: ignore[assignment]\n        if \"screen\" in value:\n            screen = value[\"screen\"]\n    \n        stacktrace = None\n        st_value = value.get(\"stackTrace\") or value.get(\"stacktrace\")\n        if st_value:\n            if isinstance(st_value, str):\n                stacktrace = st_value.split(\"\\n\")\n            else:\n                stacktrace = []\n                try:\n                    for frame in st_value:\n                        line = frame.get(\"lineNumber\", \"\")\n                        file = frame.get(\"fileName\", \"<anonymous>\")\n                        if line:\n                            file = f\"{file}:{line}\"\n                        meth = frame.get(\"methodName\", \"<anonymous>\")\n                        if \"className\" in frame:\n                            meth = f\"{frame['className']}.{meth}\"\n                        msg = \"    at %s (%s)\"\n                        msg = msg % (meth, file)\n                        stacktrace.append(msg)\n                except TypeError:\n                    pass\n        if exception_class == UnexpectedAlertPresentException:\n            alert_text = None\n            if \"data\" in value:\n                alert_text = value[\"data\"].get(\"text\")\n            elif \"alert\" in value:\n                alert_text = value[\"alert\"].get(\"text\")\n            raise exception_class(message, screen, stacktrace, alert_text)  # type: ignore[call-arg]  # mypy is not smart enough here\n>       raise exception_class(message, screen, stacktrace)\nE       selenium.common.exceptions.NoSuchElementException: Message: no such element: Unable to locate element: {\"method\":\"xpath\",\"selector\":\"(//A[contains(text(),'Vacancies')])\"}\nE         (Session info: chrome=125.0.6422.142); For documentation on this error, please visit: https://www.selenium.dev/documentation/webdriver/troubleshooting/errors#no-such-element-exception\nE       Stacktrace:\nE       \tGetHandleVerifier [0x00007FF668C41F52+60322]\nE       \t(No symbol) [0x00007FF668BBCEC9]\nE       \t(No symbol) [0x00007FF668A77EBA]\nE       \t(No symbol) [0x00007FF668AC7676]\nE       \t(No symbol) [0x00007FF668AC773C]\nE       \t(No symbol) [0x00007FF668B0E967]\nE       \t(No symbol) [0x00007FF668AEC25F]\nE       \t(No symbol) [0x00007FF668B0BC80]\nE       \t(No symbol) [0x00007FF668AEBFC3]\nE       \t(No symbol) [0x00007FF668AB9617]\nE       \t(No symbol) [0x00007FF668ABA211]\nE       \tGetHandleVerifier [0x00007FF668F594AD+3301629]\nE       \tGetHandleVerifier [0x00007FF668FA36D3+3605283]\nE       \tGetHandleVerifier [0x00007FF668F99450+3563680]\nE       \tGetHandleVerifier [0x00007FF668CF4326+790390]\nE       \t(No symbol) [0x00007FF668BC750F]\nE       \t(No symbol) [0x00007FF668BC3404]\nE       \t(No symbol) [0x00007FF668BC3592]\nE       \t(No symbol) [0x00007FF668BB2F9F]\nE       \tBaseThreadInitThunk [0x00007FF87CCE257D+29]\nE       \tRtlUserThreadStart [0x00007FF87E18AA48+40]\n\nvenv\\lib\\site-packages\\selenium\\webdriver\\remote\\errorhandler.py:229: NoSuchElementException"}, "attachments": [{"name": "log", "source": "b4232b18-b4f8-4f72-8cbd-82330c1e662f-attachment.txt", "type": "text/plain"}], "start": 1718351420228, "stop": 1718351440001, "uuid": "529fad0a-5168-44eb-beaf-0c8268c98d33", "historyId": "03b3d6114b1779274c477eb8cbb343e1", "testCaseId": "03b3d6114b1779274c477eb8cbb343e1", "fullName": "tests.test_recruitmentTableTest_005.TestrecruitmentTableVerification#test_recruitmentTable", "labels": [{"name": "tag", "value": "recruit_table"}, {"name": "tag", "value": "@pytest.mark.usefixtures('setup_teardown')"}, {"name": "parentSuite", "value": "tests"}, {"name": "suite", "value": "test_recruitmentTableTest_005"}, {"name": "subSuite", "value": "TestrecruitmentTableVerification"}, {"name": "host", "value": "DESKTOP-5K904R3"}, {"name": "thread", "value": "38724-MainThread"}, {"name": "framework", "value": "pytest"}, {"name": "language", "value": "cpython3"}, {"name": "package", "value": "tests.test_recruitmentTableTest_005"}]}